<?xml version="1.0" encoding="UTF-8"?>
<!-- Generated by org.testng.reporters.JUnitReportReporter -->
<testsuite hostname="DESKTOP-G5N1LDH" failures="0" tests="1" name="com.API.runner.API_Runner" time="8.188" errors="0" timestamp="26 Nov 2020 17:13:33 GMT" skipped="0">
  <testcase classname="com.API.runner.API_Runner" name="feature" time="8.188"/>
</testsuite> <!-- com.API.runner.API_Runner -->
